warning: source ./example is not a readable file or directory... skipping.
Searching for include files...
Searching for example files...
Searching for images...
Searching for dot files...
Searching for msc files...
Searching for dia files...
Searching for files to exclude
Searching INPUT for files to process...
Searching for files in directory /home/intmain/geraldoim/git/Intmain/ThirdParty-libnavajo/libnavajo/src
Searching for files in directory /home/intmain/geraldoim/git/Intmain/ThirdParty-libnavajo/libnavajo/src/MPFDParser
Searching for files in directory /home/intmain/geraldoim/git/Intmain/ThirdParty-libnavajo/libnavajo/include
Searching for files in directory /home/intmain/geraldoim/git/Intmain/ThirdParty-libnavajo/libnavajo/include/libnavajo
Searching for files in directory /home/intmain/geraldoim/git/Intmain/ThirdParty-libnavajo/libnavajo/include/MPFDParser
Reading and parsing tag files
Parsing files
Preprocessing /home/intmain/geraldoim/git/Intmain/ThirdParty-libnavajo/libnavajo/src/LocalRepository.cc...
Parsing file /home/intmain/geraldoim/git/Intmain/ThirdParty-libnavajo/libnavajo/src/LocalRepository.cc...
Preprocessing /home/intmain/geraldoim/git/Intmain/ThirdParty-libnavajo/libnavajo/src/LogFile.cc...
Parsing file /home/intmain/geraldoim/git/Intmain/ThirdParty-libnavajo/libnavajo/src/LogFile.cc...
Preprocessing /home/intmain/geraldoim/git/Intmain/ThirdParty-libnavajo/libnavajo/src/LogRecorder.cc...
Parsing file /home/intmain/geraldoim/git/Intmain/ThirdParty-libnavajo/libnavajo/src/LogRecorder.cc...
Preprocessing /home/intmain/geraldoim/git/Intmain/ThirdParty-libnavajo/libnavajo/src/LogStdOutput.cc...
Parsing file /home/intmain/geraldoim/git/Intmain/ThirdParty-libnavajo/libnavajo/src/LogStdOutput.cc...
Preprocessing /home/intmain/geraldoim/git/Intmain/ThirdParty-libnavajo/libnavajo/src/LogSyslog.cc...
Parsing file /home/intmain/geraldoim/git/Intmain/ThirdParty-libnavajo/libnavajo/src/LogSyslog.cc...
Preprocessing /home/intmain/geraldoim/git/Intmain/ThirdParty-libnavajo/libnavajo/src/MPFDParser/Exception.cc...
Parsing file /home/intmain/geraldoim/git/Intmain/ThirdParty-libnavajo/libnavajo/src/MPFDParser/Exception.cc...
Preprocessing /home/intmain/geraldoim/git/Intmain/ThirdParty-libnavajo/libnavajo/src/MPFDParser/Field.cc...
Parsing file /home/intmain/geraldoim/git/Intmain/ThirdParty-libnavajo/libnavajo/src/MPFDParser/Field.cc...
Preprocessing /home/intmain/geraldoim/git/Intmain/ThirdParty-libnavajo/libnavajo/src/MPFDParser/Parser.cc...
Parsing file /home/intmain/geraldoim/git/Intmain/ThirdParty-libnavajo/libnavajo/src/MPFDParser/Parser.cc...
Preprocessing /home/intmain/geraldoim/git/Intmain/ThirdParty-libnavajo/libnavajo/src/navajoPrecompiler.cc...
Parsing file /home/intmain/geraldoim/git/Intmain/ThirdParty-libnavajo/libnavajo/src/navajoPrecompiler.cc...
Preprocessing /home/intmain/geraldoim/git/Intmain/ThirdParty-libnavajo/libnavajo/src/WebServer.cc...
Parsing file /home/intmain/geraldoim/git/Intmain/ThirdParty-libnavajo/libnavajo/src/WebServer.cc...
Preprocessing /home/intmain/geraldoim/git/Intmain/ThirdParty-libnavajo/libnavajo/src/WebSocketClient.cc...
Parsing file /home/intmain/geraldoim/git/Intmain/ThirdParty-libnavajo/libnavajo/src/WebSocketClient.cc...
Preprocessing /home/intmain/geraldoim/git/Intmain/ThirdParty-libnavajo/libnavajo/include/libnavajo/DynamicPage.hh...
Parsing file /home/intmain/geraldoim/git/Intmain/ThirdParty-libnavajo/libnavajo/include/libnavajo/DynamicPage.hh...
Preprocessing /home/intmain/geraldoim/git/Intmain/ThirdParty-libnavajo/libnavajo/include/libnavajo/DynamicRepository.hh...
Parsing file /home/intmain/geraldoim/git/Intmain/ThirdParty-libnavajo/libnavajo/include/libnavajo/DynamicRepository.hh...
Preprocessing /home/intmain/geraldoim/git/Intmain/ThirdParty-libnavajo/libnavajo/include/libnavajo/htonll.h...
Parsing file /home/intmain/geraldoim/git/Intmain/ThirdParty-libnavajo/libnavajo/include/libnavajo/htonll.h...
Preprocessing /home/intmain/geraldoim/git/Intmain/ThirdParty-libnavajo/libnavajo/include/libnavajo/HttpRequest.hh...
Parsing file /home/intmain/geraldoim/git/Intmain/ThirdParty-libnavajo/libnavajo/include/libnavajo/HttpRequest.hh...
Preprocessing /home/intmain/geraldoim/git/Intmain/ThirdParty-libnavajo/libnavajo/include/libnavajo/HttpResponse.hh...
Parsing file /home/intmain/geraldoim/git/Intmain/ThirdParty-libnavajo/libnavajo/include/libnavajo/HttpResponse.hh...
Preprocessing /home/intmain/geraldoim/git/Intmain/ThirdParty-libnavajo/libnavajo/include/libnavajo/HttpSession.hh...
Parsing file /home/intmain/geraldoim/git/Intmain/ThirdParty-libnavajo/libnavajo/include/libnavajo/HttpSession.hh...
Preprocessing /home/intmain/geraldoim/git/Intmain/ThirdParty-libnavajo/libnavajo/include/libnavajo/IpAddress.hh...
Parsing file /home/intmain/geraldoim/git/Intmain/ThirdParty-libnavajo/libnavajo/include/libnavajo/IpAddress.hh...
Preprocessing /home/intmain/geraldoim/git/Intmain/ThirdParty-libnavajo/libnavajo/include/libnavajo/libnavajo.hh...
Parsing file /home/intmain/geraldoim/git/Intmain/ThirdParty-libnavajo/libnavajo/include/libnavajo/libnavajo.hh...
Preprocessing /home/intmain/geraldoim/git/Intmain/ThirdParty-libnavajo/libnavajo/include/libnavajo/LocalRepository.hh...
Parsing file /home/intmain/geraldoim/git/Intmain/ThirdParty-libnavajo/libnavajo/include/libnavajo/LocalRepository.hh...
Preprocessing /home/intmain/geraldoim/git/Intmain/ThirdParty-libnavajo/libnavajo/include/libnavajo/LogFile.hh...
Parsing file /home/intmain/geraldoim/git/Intmain/ThirdParty-libnavajo/libnavajo/include/libnavajo/LogFile.hh...
Preprocessing /home/intmain/geraldoim/git/Intmain/ThirdParty-libnavajo/libnavajo/include/libnavajo/LogOutput.hh...
Parsing file /home/intmain/geraldoim/git/Intmain/ThirdParty-libnavajo/libnavajo/include/libnavajo/LogOutput.hh...
Preprocessing /home/intmain/geraldoim/git/Intmain/ThirdParty-libnavajo/libnavajo/include/libnavajo/LogRecorder.hh...
Parsing file /home/intmain/geraldoim/git/Intmain/ThirdParty-libnavajo/libnavajo/include/libnavajo/LogRecorder.hh...
Preprocessing /home/intmain/geraldoim/git/Intmain/ThirdParty-libnavajo/libnavajo/include/libnavajo/LogStdOutput.hh...
Parsing file /home/intmain/geraldoim/git/Intmain/ThirdParty-libnavajo/libnavajo/include/libnavajo/LogStdOutput.hh...
Preprocessing /home/intmain/geraldoim/git/Intmain/ThirdParty-libnavajo/libnavajo/include/libnavajo/LogSyslog.hh...
Parsing file /home/intmain/geraldoim/git/Intmain/ThirdParty-libnavajo/libnavajo/include/libnavajo/LogSyslog.hh...
Preprocessing /home/intmain/geraldoim/git/Intmain/ThirdParty-libnavajo/libnavajo/include/libnavajo/nvjGzip.h...
Parsing file /home/intmain/geraldoim/git/Intmain/ThirdParty-libnavajo/libnavajo/include/libnavajo/nvjGzip.h...
Preprocessing /home/intmain/geraldoim/git/Intmain/ThirdParty-libnavajo/libnavajo/include/libnavajo/nvjSocket.h...
Parsing file /home/intmain/geraldoim/git/Intmain/ThirdParty-libnavajo/libnavajo/include/libnavajo/nvjSocket.h...
Preprocessing /home/intmain/geraldoim/git/Intmain/ThirdParty-libnavajo/libnavajo/include/libnavajo/nvjThread.h...
Parsing file /home/intmain/geraldoim/git/Intmain/ThirdParty-libnavajo/libnavajo/include/libnavajo/nvjThread.h...
Preprocessing /home/intmain/geraldoim/git/Intmain/ThirdParty-libnavajo/libnavajo/include/libnavajo/PrecompiledRepository.hh...
Parsing file /home/intmain/geraldoim/git/Intmain/ThirdParty-libnavajo/libnavajo/include/libnavajo/PrecompiledRepository.hh...
Preprocessing /home/intmain/geraldoim/git/Intmain/ThirdParty-libnavajo/libnavajo/include/libnavajo/WebRepository.hh...
Parsing file /home/intmain/geraldoim/git/Intmain/ThirdParty-libnavajo/libnavajo/include/libnavajo/WebRepository.hh...
Preprocessing /home/intmain/geraldoim/git/Intmain/ThirdParty-libnavajo/libnavajo/include/libnavajo/WebServer.hh...
Parsing file /home/intmain/geraldoim/git/Intmain/ThirdParty-libnavajo/libnavajo/include/libnavajo/WebServer.hh...
Preprocessing /home/intmain/geraldoim/git/Intmain/ThirdParty-libnavajo/libnavajo/include/libnavajo/WebSocket.hh...
Parsing file /home/intmain/geraldoim/git/Intmain/ThirdParty-libnavajo/libnavajo/include/libnavajo/WebSocket.hh...
Preprocessing /home/intmain/geraldoim/git/Intmain/ThirdParty-libnavajo/libnavajo/include/libnavajo/WebSocketClient.hh...
Parsing file /home/intmain/geraldoim/git//home/intmain/geraldoim/git/Intmain/ThirdParty-libnavajo/libnavajo/include/libnavajo/HttpRequest.hh:55: warning: Compound HttpRequest is not documented.
/home/intmain/geraldoim/git/Intmain/ThirdParty-libnavajo/libnavajo/include/libnavajo/HttpSession.hh:29: warning: Compound HttpSession is not documented.
/home/intmain/geraldoim/git/Intmain/ThirdParty-libnavajo/libnavajo/include/libnavajo/zlibPatchOldVersion.h:52: warning: Compound inflate_state2 is not documented.
/home/intmain/geraldoim/git/Intmain/ThirdParty-libnavajo/libnavajo/include/libnavajo/DynamicRepository.hh:24: warning: Compound DynamicRepository is not documented.
/home/intmain/geraldoim/git/Intmain/ThirdParty-libnavajo/libnavajo/include/libnavajo/DynamicPage.hh:25: warning: Compound DynamicPage is not documented.
/home/intmain/geraldoim/git/Intmain/ThirdParty-libnavajo/libnavajo/include/libnavajo/WebSocketClient.hh:24: warning: Compound WebSocketClient is not documented.
/home/intmain/geraldoim/git/Intmain/ThirdParty-libnavajo/libnavajo/include/libnavajo/nvjThread.h:129: warning: Compound cancelArg is not documented.
/home/intmain/geraldoim/git/Intmain/ThirdParty-libnavajo/libnavajo/include/MPFDParser/Field.h:19: warning: Compound MPFD::Field is not documented.
/home/intmain/geraldoim/git/Intmain/ThirdParty-libnavajo/libnavajo/include/libnavajo/WebServer.hh:36: warning: Compound WebServer is not documented.
/home/intmain/geraldoim/git/Intmain/ThirdParty-libnavajo/libnavajo/include/MPFDParser/Exception.h:17: warning: Compound MPFD::Exception is not documented.
/home/intmain/geraldoim/git/Intmain/ThirdParty-libnavajo/libnavajo/include/libnavajo/WebRepository.hh:20: warning: Compound WebRepository is not documented.
/home/intmain/geraldoim/git/Intmain/ThirdParty-libnavajo/libnavajo/include/libnavajo/HttpRequest.hh:45: warning: Compound ClientSockData is not documented.
/home/intmain/geraldoim/git/Intmain/ThirdParty-libnavajo/libnavajo/include/libnavajo/LogOutput.hh:21: warning: Compound LogOutput is not documented.
/home/intmain/geraldoim/git/Intmain/ThirdParty-libnavajo/libnavajo/include/libnavajo/HttpSession.hh:24: warning: Compound SessionAttributeObject is not documented.
/home/intmain/geraldoim/git/Intmain/ThirdParty-libnavajo/libnavajo/include/libnavajo/IpAddress.hh:61: warning: Compound IpAddress::IP is not documented.
/home/intmain/geraldoim/git/Intmain/ThirdParty-libnavajo/libnavajo/include/libnavajo/IpAddress.hh:294: warning: Compound IpNetwork is not documented.
/home/intmain/geraldoim/git/Intmain/ThirdParty-libnavajo/libnavajo/include/libnavajo/IpAddress.hh:59: warning: Compound IpAddress is not documented.
/home/intmain/geraldoim/git/Intmain/ThirdParty-libnavajo/libnavajo/include/MPFDParser/Parser.h:20: warning: Compound MPFD::Parser is not documented.
/home/intmain/geraldoim/git/Intmain/ThirdParty-libnavajo/libnavajo/src/navajoPrecompiler.cc:65: warning: Compound ConversionEntry is not documented.
/home/intmain/geraldoim/git/Intmain/ThirdParty-libnavajo/libnavajo/include/libnavajo/LocalRepository.hh:25: warning: Compound LocalRepository is not documented.
/home/intmain/geraldoim/git/Intmain/ThirdParty-libnavajo/libnavajo/include/libnavajo/HttpResponse.hh:17: warning: Compound HttpResponse is not documented.
/home/intmain/geraldoim/git/Intmain/ThirdParty-libnavajo/libnavajo/include/libnavajo/WebSocket.hh:28: warning: Compound WebSocket is not documented.
/home/intmain/geraldoim/git/Intmain/ThirdParty-libnavajo/libnavajo/include/libnavajo/PrecompiledRepository.hh:23: warning: Compound PrecompiledRepository is not documented.
Intmain/ThirdParty-libnavajo/libnavajo/include/libnavajo/WebSocketClient.hh...
Preprocessing /home/intmain/geraldoim/git/Intmain/ThirdParty-libnavajo/libnavajo/include/libnavajo/zlibPatchOldVersion.h...
Parsing file /home/intmain/geraldoim/git/Intmain/ThirdParty-libnavajo/libnavajo/include/libnavajo/zlibPatchOldVersion.h...
Preprocessing /home/intmain/geraldoim/git/Intmain/ThirdParty-libnavajo/libnavajo/include/MPFDParser/Exception.h...
Parsing file /home/intmain/geraldoim/git/Intmain/ThirdParty-libnavajo/libnavajo/include/MPFDParser/Exception.h...
Preprocessing /home/intmain/geraldoim/git/Intmain/ThirdParty-libnavajo/libnavajo/include/MPFDParser/Field.h...
Parsing file /home/intmain/geraldoim/git/Intmain/ThirdParty-libnavajo/libnavajo/include/MPFDParser/Field.h...
Preprocessing /home/intmain/geraldoim/git/Intmain/ThirdParty-libnavajo/libnavajo/include/MPFDParser/Parser.h...
Parsing file /home/intmain/geraldoim/git/Intmain/ThirdParty-libnavajo/libnavajo/include/MPFDParser/Parser.h...
Reading /home/intmain/geraldoim/git/Intmain/ThirdParty-libnavajo/libnavajo/README.md...
Building group list...
Building directory list...
Building namespace list...
Building file list...
Building class list...
Associating documentation with classes...
Computing nesting relations for classes...
Building example list...
Searching for enumerations...
Searching for documented typedefs...
Searching for members imported via using declarations...
Searching for included using directives...
Searching for documented variables...
Building interface member list...
Building member list...
Searching for friends...
Searching for documented defines...
Computing class inheritance relations...
Computing class usage relations...
Flushing cached template relations that have become invalid...
Computing class relations...
Add enum values to enums...
Searching for member function documentation...
Creating members for template instances...
Building page list...
Search for main page...
Computing page relations...
Determining the scope of groups...
Sorting lists...
Freeing entry tree
Determining which enums are documented
Computing member relations...
Building full member lists recursively...
Adding members to member groups.
Computing member references...
Inheriting documentation...
Generating disk names...
Adding source references...
Adding xrefitems...
Sorting member lists...
Computing dependencies between directories...
Generating citations page...
Counting data structures...
Resolving user defined references...
Finding anchors and sections in the documentation...
Transferring function references...
Combining using relations...
Adding members to index pages...
Generating style sheet...
Generating search indices...
Generating example documentation...
Generating file sources...
Generating code for file include/libnavajo/DynamicPage.hh...
Generating code for file include/libnavajo/DynamicRepository.hh...
Generating code for file include/libnavajo/htonll.h...
Generating code for file include/libnavajo/HttpRequest.hh...
Generating code for file include/libnavajo/HttpResponse.hh...
Generating code for file include/libnavajo/HttpSession.hh...
Generating code for file include/libnavajo/IpAddress.hh...
Generating code for file include/libnavajo/libnavajo.hh...
Generating code for file include/libnavajo/LocalRepository.hh...
Generating code for file include/libnavajo/LogFile.hh...
Generating code for file include/libnavajo/LogOutput.hh...
Generating code for file include/libnavajo/LogRecorder.hh...
Generating code for file include/libnavajo/LogStdOutput.hh...
Generating code for file include/libnavajo/LogSyslog.hh...
Generating code for file include/libnavajo/nvjGzip.h...
Generating code for file include/libnavajo/nvjSocket.h...
Generating code for file include/libnavajo/nvjThread.h...
Generating code for file include/libnavajo/PrecompiledRepository.hh...
Generating code for file include/libnavajo/WebRepository.hh...
Generating code for file include/libnavajo/WebServer.hh...
Generating code for file include/libnavajo/WebSocket.hh...
Generating code for file include/libnavaj/home/intmain/geraldoim/git/Intmain/ThirdParty-libnavajo/libnavajo/include/libnavajo/DynamicRepository.hh:17: warning: Member GR_JUMP_TRACE (macro definition) of file DynamicRepository.hh is not documented.
/home/intmain/geraldoim/git/Intmain/ThirdParty-libnavajo/libnavajo/include/libnavajo/HttpRequest.hh:17: warning: Member GR_JUMP_TRACE (macro definition) of file HttpRequest.hh is not documented.
/home/intmain/geraldoim/git/Intmain/ThirdParty-libnavajo/libnavajo/include/libnavajo/HttpRequest.hh:33: warning: Member HttpRequestMethod (enumeration) of file HttpRequest.hh is not documented.
/home/intmain/geraldoim/git/Intmain/ThirdParty-libnavajo/libnavajo/include/libnavajo/HttpRequest.hh:44: warning: Member CompressionMode (enumeration) of file HttpRequest.hh is not documented.
/home/intmain/geraldoim/git/Intmain/ThirdParty-libnavajo/libnavajo/include/libnavajo/IpAddress.hh:52: warning: Member INET6_ADDRLEN (macro definition) of file IpAddress.hh is not documented.
/home/intmain/geraldoim/git/Intmain/ThirdParty-libnavajo/libnavajo/include/libnavajo/LocalRepository.hh:17: warning: Member GR_JUMP_TRACE (macro definition) of file LocalRepository.hh is not documented.
/home/intmain/geraldoim/git/Intmain/ThirdParty-libnavajo/libnavajo/include/libnavajo/LogOutput.hh:19: warning: Member NvjLogSeverity (enumeration) of file LogOutput.hh is not documented.
/home/intmain/geraldoim/git/Intmain/ThirdParty-libnavajo/libnavajo/include/libnavajo/LogRecorder.hh:25: warning: Member NVJ_LOG (macro definition) of file LogRecorder.hh is not documented.
/home/intmain/geraldoim/git/Intmain/ThirdParty-libnavajo/libnavajo/include/libnavajo/LogRecorder.hh:26: warning: Member NVJ_printf (macro definition) of file LogRecorder.hh is not documented.
/home/intmain/geraldoim/git/Intmain/ThirdParty-libnavajo/libnavajo/include/libnavajo/nvjGzip.h:27: warning: Member CHUNK (macro definition) of file nvjGzip.h is not documented.
/home/intmain/geraldoim/git/Intmain/ThirdParty-libnavajo/libnavajo/include/libnavajo/nvjGzip.h:33: warning: Member nvj_gzip(unsigned char **dst, const unsigned char *src, const size_t sizeSrc, bool rawDeflateData=false) (function) of file nvjGzip.h is not documented.
/home/intmain/geraldoim/git/Intmain/ThirdParty-libnavajo/libnavajo/include/libnavajo/nvjGzip.h:89: warning: Member nvj_gunzip(unsigned char **dst, const unsigned char *src, const size_t sizeSrc, bool rawDeflateData=false) (function) of file nvjGzip.h is not documented.
/home/intmain/geraldoim/git/Intmain/ThirdParty-libnavajo/libnavajo/include/libnavajo/nvjGzip.h:157: warning: Member nvj_gzip_websocket_v2(unsigned char **dst, const unsigned char *src, const size_t sizeSrc, z_stream *pstream=NULL, const unsigned int sizeChunk=CHUNK) (function) of file nvjGzip.h is not documented.
/home/intmain/geraldoim/git/Intmain/ThirdParty-libnavajo/libnavajo/include/libnavajo/nvjGzip.h:229: warning: Member nvj_end_stream(z_stream *pstream=NULL) (function) of file nvjGzip.h is not documented.
/home/intmain/geraldoim/git/Intmain/ThirdParty-libnavajo/libnavajo/include/libnavajo/nvjGzip.h:236: warning: Member nvj_init_stream(z_stream *pstream=NULL, bool rawDeflateData=false, int level=Z_BEST_COMPRESSION, int strategy=Z_DEFAULT_STRATEGY) (function) of file nvjGzip.h is not documented.
/home/intmain/geraldoim/git/Intmain/ThirdParty-libnavajo/libnavajo/include/libnavajo/nvjGzip.h:251: warning: Member nvj_gunzip_websocket_v2(unsigned char **dst, const unsigned char *src, size_t sizeSrc, bool rawDeflateData=false, unsigned char *dictionary=NULL, unsigned int *dictLength=NULL, const unsigned int sizeChunk=CHUNK) (function) of file nvjGzip.h is not documented.
/home/intmain/geraldoim/git/Intmain/ThirdParty-libnavajo/libnavajo/include/libnavajo/nvjSocket.h:46: warning: Member setsockoptCompat (macro definition) of file nvjSocket.h is not documented.
/home/intmain/geraldoim/git/Intmain/ThirdParty-libnavajo/libnavajo/include/libnavajo/nvjSocket.h:47: warning: Member sendCompat (macro definition) of file nvjSocket.h is not documented.
/home/intmain/geraldoim/git/Intmain/ThirdParty-libnavajo/libnavajo/include/libnavajo/nvjSocket.h:58: warning: Member setSocketIp6Only(int socket, bool v6only=true) (function) of file nvjSocket.h is not documented.
/home/intmain/geraldoim/git/Intmain/ThirdParty-libnavajo/libnavajo/include/libnavajo/nvjSocket.h:71: warning: Member setSocketNoSigpipe(int socket, bool nosigpipe=true) (function) of file nvjSocket.h is not documented.
/home/intmain/geraldoim/git/Intmain/ThirdParty-libnavajo/libnavajo/include/libnavajo/nvjSocket.h:90: warning: Member setSocketReuseAddr(int socket, bool reuse=true) (function) of file nvjSocket.h is not documented.
/home/intmain/geraldoim/git/Intmain/ThirdParty-libnavajo/libnavajo/include/libnavajo/nvjSocket.h:103: warning: Member setSocketBindToDevice(int socket, const char *device) (function) of file nvjSocket.h is not documented.
/home/intmain/geraldoim/git/Intmain/ThirdParty-libnavajo/libnavajo/include/libnavajo/nvjSocket.h:119: warning: Member setSocketKeepAlive(int socket, bool keepAlive) (function) of file nvjSocket.h is not documented.
/home/intmain/geraldoim/git/Intmain/ThirdParty-libnavajo/libnavajo/include/libnavajo/nvjSocket.h:132: warning: Member setSocketDoLinger(int socket, bool dolinger) (function) of file nvjSocket.h is not documented.
/home/intmain/geraldoim/git/Intmain/ThirdParty-libnavajo/libnavajo/include/libnavajo/nvjSocket.h:147: warning: Member setSocketSndRcvTimeout(int socket, time_t seconds, long int useconds=0) (function) of file nvjSocket.h is not documented.
/home/intmain/geraldoim/git/Intmain/ThirdParty-libnavajo/libnavajo/include/libnavajo/nvjSocket.h:178: warning: Member setSocketTcpAckTimeout(int socket, int seconds, int milliseconds) (function) of file nvjSocket.h is not documented.
/home/intmain/geraldoim/git/Intmain/ThirdParty-libnavajo/libnavajo/include/libnavajo/nvjSocket.h:195: warning: Member setSocketNagleAlgo(int socket, bool naggle=false) (function) of file nvjSocket.h is not documented.
/home/intmain/geraldoim/git/Intmain/ThirdParty-libnavajo/libnavajo/include/libnavajo/nvjThread.h:24: warning: Member STRERROR_BUF (macro definition) of file nvjThread.h is not documented.
/home/intmain/geraldoim/git/Intmain/ThirdParty-libnavajo/libnavajo/include/libnavajo/nvjThread.h:31: warning: Member STRERROR(en) (macro definition) of file nvjThread.h is not documented.
/home/intmain/geraldoim/git/Intmain/ThirdParty-libnavajo/libnavajo/include/libnavajo/nvjThread.h:38: warning: Member create_thread(pthread_t *thread_p, void *(*thread_rtn)(void *), void *data_p, bool joinable=true, size_t stackSize=512 *1024) (function) of file nvjThread.h is not documented.
/home/intmain/geraldoim/git/Intmain/ThirdParty-libnavajo/libnavajo/include/libnavajo/nvjThread.h:79: warning: Member cancel_thread(pthread_t thread) (function) of file nvjThread.h is not documented.
/home/intmain/geraldoim/git/Intmain/ThirdParty-libnavajo/libnavajo/include/libnavajo/nvjThread.h:99: warning: Member wait_for_thread(pthread_t thread) (function) of file nvjThread.h is not documented.
/home/intmain/geraldoim/git/Intmain/ThirdParty-libnavajo/libnavajo/include/libnavajo/nvjThread.h:113: warning: Member cancelstate_thread(void) (function) of file nvjThread.h is not documented.
/home/intmain/geraldoim/git/Intmain/ThirdParty-libnavajo/libnavajo/include/libnavajo/nvjThread.h:136: warning: Member thread_timeout_scheduler(void *arg) (function) of file nvjThread.h is not documented.
/home/intmain/geraldoim/git/Intmain/ThirdParty-libnavajo/libnavajo/include/libnavajo/WebSocket.hh:25: warning: Member CLIENTSENDING_MAXLATENCY_DEFAULT (macro definition) of file WebSocket.hh is not documented.
/home/intmain/geraldoim/git/Intmain/ThirdParty-libnavajo/libnavajo/include/libnavajo/WebSocket.hh:26: warning: Member DEFAULT_WEBSOCKET_TIMEOUT (macro definition) of file WebSocket.hh is not documented.
/home/intmain/geraldoim/git/Intmain/ThirdParty-libnavajo/libnavajo/include/libnavajo/zlibPatchOldVersion.h:17: warning: Member inflate_mode (enumeration) of file zlibPatchOldVersion.h is not documented.
/home/intmain/geraldoim/git/Intmain/ThirdParty-libnavajo/libnavajo/include/libnavajo/zlibPatchOldVersion.h:83: warning: Member inflateGetDictionary(z_streamp strm, Bytef *dictionary, uInt *dictLength) (function) of file zlibPatchOldVersion.h is not documented.
/home/intmain/geraldoim/git/Intmain/ThirdParty-libnavajo/libnavajo/src/LocalRepository.cc:14: warning: Member GR_JUMP_TRACE (macro definition) of file LocalRepository.cc is not documented.
/home/intmain/geraldoim/git/Intmain/ThirdParty-libnavajo/libnavajo/src/LogFile.cc:14: warning: Member GR_JUMP_TRACE (macro definition) of file LogFile.cc is not documented.
/home/intmain/geraldoim/git/Intmain/ThirdParty-libnavajo/libnavajo/src/LogRecorder.cc:14: warning: Member GR_JUMP_TRACE (macro definition) of file LogRecorder.cc is not documented.
/home/intmain/geraldoim/git/Intmain/ThirdParty-libnavajo/libnavajo/src/LogStdOutput.cc:14: warning: Member GR_JUMP_TRACE (macro definition) of file LogStdOutput.cc is not documented.
/home/intmain/geraldoim/git/Intmain/ThirdParty-libnavajo/libnavajo/src/LogStdOutput.cc:21: warning: Member RED (macro definition) of file LogStdOutput.cc is not documented.
/home/intmain/geraldoim/git/Intmain/ThirdParty-libnavajo/libnavajo/src/LogStdOutput.cc:22: warning: Member GRN (macro definition) of file LogStdOutput.cc is not documented.
/home/intmain/geraldoim/git/Intmain/ThirdParty-libnavajo/libnavajo/src/LogStdOutput.cc:23: warning: Member YEL (macro definition) of file LogStdOutput.cc is not documented.
/home/intmain/geraldoim/git/Intmain/ThirdParty-libnavajo/libnavajo/src/LogStdOutput.cc:24: warning: Member BLU (macro definition) of file LogStdOutput.cc is not documented.
/home/intmain/geraldoim/git/Intmain/ThirdParty-libnavajo/libnavajo/src/LogStdOutput.cc:25: warning: Member MAG (macro definition) of file LogStdOutput.cc is not documented.
/home/intmain/geraldoim/git/Intmain/ThirdParty-libnavajo/libnavajo/src/LogStdOutput.cc:26: warning: Member CYN (macro definition) of file LogStdOutput.cc is not documented.
/home/intmain/geraldoim/git/Intmain/ThirdParty-libnavajo/libnavajo/src/LogStdOutput.cc:27: warning: Member WHT (macro definition) of file LogStdOutput.cc is not documented.
/home/intmain/geraldoim/git/Intmain/ThirdParty-libnavajo/libnavajo/src/LogStdOutput.cc:28: warning: Member RESET (macro definition) of file LogStdOutput.cc is not documented.
/home/intmain/geraldoim/git/Intmain/ThirdParty-libnavajo/libnavajo/src/LogSyslog.cc:14: warning: Member GR_JUMP_TRACE (macro definition) of file LogSyslog.cc is not documented.
/home/intmain/geraldoim/git/Intmain/ThirdParty-libnavajo/libnavajo/src/navajoPrecompiler.cc:14: warning: Member GR_JUMP_TRACE (macro definition) of file navajoPrecompiler.cc is not documented.
/home/intmain/geraldoim/git/Intmain/ThirdParty-libnavajo/libnavajo/src/navajoPrecompiler.cc:27: warning: Member dump_buffer(FILE *f, unsigned n, const unsigned char *buf) (function) of file navajoPrecompiler.cc is not documented.
/home/intmain/geraldoim/git/Intmain/ThirdParty-libnavajo/libnavajo/src/navajoPrecompiler.cc:44: warning: Member str_replace_first(char *buffer, const char *s, const char *by) (function) of file navajoPrecompiler.cc is not documented.
/home/intmain/geraldoim/git/Intmain/ThirdParty-libnavajo/libnavajo/src/navajoPrecompiler.cc:76: warning: Member loadFilename_dir(const std::string &path, const std::string &subpath="") (function) of file navajoPrecompiler.cc is not documented.
/home/intmain/geraldoim/git/Intmain/ThirdParty-libnavajo/libnavajo/src/navajoPrecompiler.cc:121: warning: Member parseDirectory(const std::string &dirPath) (function) of file navajoPrecompiler.cc is not documented.
/home/intmain/geraldoim/git/Intmain/ThirdParty-libnavajo/libnavajo/src/navajoPrecompiler.cc:71: warning: Member filenamesVec (variable) of file navajoPrecompiler.cc is not documented.
/home/intmain/geraldoim/git/Intmain/ThirdParty-libnavajo/libnavajo/src/navajoPrecompiler.cc:72: warning: Member listExcludeDir (variable) of file navajoPrecompiler.cc is not documented.
/home/intmain/geraldoim/git/Intmain/ThirdParty-libnavajo/libnavajo/src/WebServer.cc:16: warning: Member GR_JUMP_TRACE (macro definition) of file WebServer.cc is not documented.
/home/intmain/geraldoim/git/Intmain/ThirdParty-libnavajo/libnavajo/src/WebServer.cc:41: warning: Member DEFAULT_HTTP_SERVER_SOCKET_TIMEOUT (macro definition) of file WebServer.cc is not documented.
/home/intmain/geraldoim/git/Intmain/ThirdParty-libnavajo/libnavajo/src/WebServer.cc:42: warning: Member DEFAULT_HTTP_PORT (macro definition) of file WebServer.cc is not documented.
/home/intmain/geraldoim/git/Intmain/ThirdParty-libnavajo/libnavajo/src/WebServer.cc:43: warning: Member LOGHIST_EXPIRATION_DELAY (macro definition) of file WebServer.cc is not documented.
/home/intmain/geraldoim/git/Intmain/ThirdParty-libnavajo/libnavajo/src/WebServer.cc:44: warning: Member BUFSIZE (macro definition) of file WebServer.cc is not documented.
/home/intmain/geraldoim/git/Intmain/ThirdParty-libnavajo/libnavajo/src/WebServer.cc:45: warning: Member KEEPALIVE_MAX_NB_QUERY (macro definition) of file WebServer.cc is not documented.
/home/intmain/geraldoim/git/Intmain/ThirdParty-libnavajo/libnavajo/src/WebServer.cc:66: warning: Member MSG_NOSIGNAL (macro definition) of file WebServer.cc is not documented.
/home/intmain/geraldoim/git/Intmain/ThirdParty-libnavajo/libnavajo/src/WebSocketClient.cc:15: warning: Member GR_JUMP_TRACE (macro definition) of file WebSocketClient.cc is not documented.
/home/intmain/geraldoim/git/Intmain/ThirdParty-libnavajo/libnavajo/src/WebSocketClient.cc:22: warning: Member BUFSIZE (macro definition) of file WebSocketClient.cc is not documented.
/home/intmain/geraldoim/git/Intmain/ThirdParty-libnavajo/libnavajo/include/libnavajo/nvjThread.h:130: warning: Member p (variable) of class cancelArg is not documented.
/home/intmain/geraldoim/git/Intmain/ThirdParty-libnavajo/libnavajo/include/libnavajo/nvjThread.h:131: warning: Member s (variable) of class cancelArg is not documented.
/home/intmain/geraldoim/git/Intmain/ThirdParty-libnavajo/libnavajo/include/libnavajo/nvjThread.h:132: warning: Member ns (variable) of class cancelArg is not documented.
/home/intmain/geraldoim/git/Intmain/ThirdParty-libnavajo/libnavajo/include/libnavajo/HttpRequest.hh:46: warning: Member socketId (variable) of class ClientSockData is not documented.
/home/intmain/geraldoim/git/Intmain/ThirdParty-libnavajo/libnavajo/include/libnavajo/HttpRequest.hh:47: warning: Member ip (variable) of class ClientSockData is not documented.
/home/intmain/geraldoim/git/Intmain/ThirdParty-libnavajo/libnavajo/include/libnavajo/HttpRequest.hh:48: warning: Member compression (variable) of class ClientSockData is not documented.
/home/intmain/geraldoim/git/Intmain/ThirdParty-libnavajo/libnavajo/include/libnavajo/HttpRequest.hh:49: warning: Member ssl (variable) of class ClientSockData is not documented.
/home/intmain/geraldoim/git/Intmain/ThirdParty-libnavajo/libnavajo/include/libnavajo/HttpRequest.hh:50: warning: Member bio (variable) of class ClientSockData is not documented.
/home/intmain/geraldoim/git/Intmain/ThirdParty-libnavajo/libnavajo/include/libnavajo/HttpRequest.hh:51: warning: Member peerDN (variable) of class ClientSockData is not documented.
/home/intmain/geraldoim/git/Intmain/ThirdParty-libnavajo/libnavajo/src/navajoPrecompiler.cc:66: warning: Member URL (variable) of class ConversionEntry is not documented.
/home/intmain/geraldoim/git/Intmain/ThirdParty-libnavajo/libnavajo/src/navajoPrecompiler.cc:67: warning: Member varName (variable) of class ConversionEntry is not documented.
/home/intmain/geraldoim/git/Intmain/ThirdParty-libnavajo/libnavajo/src/navajoPrecompiler.cc:68: warning: Member length (variable) of class ConversionEntry is not documented.
/home/intmain/geraldoim/git/Intmain/ThirdParty-libnavajo/libnavajo/include/libnavajo/DynamicPage.hh:31: warning: Member getPage(HttpRequest *request, HttpResponse *response)=0 (function) of class DynamicPage is not documented.
/home/intmain/geraldoim/git/Intmain/ThirdParty-libnavajo/libnavajo/include/libnavajo/DynamicPage.hh:65: warning: Member noContent(HttpResponse *response) (function) of class DynamicPage is not documented.
/home/intmain/geraldoim/git/Intmain/ThirdParty-libnavajo/libnavajo/include/libnavajo/DynamicPage.hh:73: warning: Member fromString(const std::string &resultat, HttpResponse *response) (function) of class DynamicPage is not documented.
/home/intmain/geraldoim/git/Intmain/ThirdParty-libnavajo/libnavajo/include/libnavajo/DynamicPage.hh:36: warning: Member getValue(const std::string &s) (function) of class DynamicPage is not documented.
/home/intmain/geraldoim/git/Intmain/ThirdParty-libnavajo/libnavajo/include/libnavajo/DynamicPage.hh:53: warning: Member isNotPrintable(char c) (function) of class DynamicPage is not documented.
/home/intmain/geraldoim/git/Intmain/ThirdParty-libnavajo/libnavajo/include/libnavajo/DynamicPage.hh:58: warning: Member stripUnprintableChar(std::string &str) (function) of class DynamicPage is not documented.
/home/intmain/geraldoim/git/Intmain/ThirdParty-libnavajo/libnavajo/include/libnavajo/DynamicRepository.hh:54: warning: argument 'name' of command @param is not found in the argument list of DynamicRepository::add(const std::string url, DynamicPage *page)
/home/intmain/geraldoim/git/Intmain/ThirdParty-libnavajo/libnavajo/include/libnavajo/DynamicRepository.hh:59: warning: The following parameters of DynamicRepository::add(const std::string url, DynamicPage *page) are not documented:
  parameter 'url'
/home/intmain/geraldoim/git/Intmain/ThirdParty-libnavajo/libnavajo/include/libnavajo/HttpRequest.hh:557: warning: Member setParams(const char *params) (function) of class HttpRequest is not documented.
/home/intmain/geraldoim/git/Intmain/ThirdParty-libnavajo/libnavajo/include/libnavajo/HttpRequest.hh:456: warning: Found unknown command `\cookies'
/home/intmain/geraldoim/git/Intmain/ThirdParty-libnavajo/libnavajo/include/libnavajo/HttpRequest.hh:458: warning: The following parameters of HttpRequest::HttpRequest(const HttpRequestMethod type, const char *url, const char *params, const char *cookies, const char *origin, const std::string &username, ClientSockData *client, const char *mimeType, std::vector< uint8_t > *payload=NULL, MPFD::Parser *parser=NULL) are not documented:
  parameter 'cookies'
  parameter 'origin'
  parameter 'username'
  parameter 'client'
  parameter 'mimeType'
  parameter 'payload'
  parameter 'parser'
/home/intmain/geraldoim/git/Intmain/ThirdParty-libnavajo/libnavajo/include/libnavajo/HttpRequest.hh:584: warning: argument 'name' of command @param is not found in the argument list of HttpRequest::setRequestType(HttpRequestMethod newMethod)
/home/intmain/geraldoim/git/Intmain/ThirdParty-libnavajo/libnavajo/include/libnavajo/HttpRequest.hh:587: warning: The following parameters of HttpRequest::setRequestType(HttpRequestMethod newMethod) are not documented:
  parameter 'newMethod'
/home/intmain/geraldoim/git/Intmain/ThirdParty-libnavajo/libnavajo/include/libnavajo/HttpRequest.hh:546: warning: argument 'name' of command @param is not found in the argument list of HttpRequest::setUrl(const char *newUrl)
/home/intmain/geraldoim/git/Intmain/ThirdParty-libnavajo/libnavajo/include/libnavajo/HttpRequest.hh:549: warning: The following parameters of HttpRequest::setUrl(const char *newUrl) are not documented:
  parameter 'newUrl'
/home/intmain/geraldoim/git/Intmain/ThirdParty-libnavajo/libnavajo/include/libnavajo/HttpResponse.hh:35: warning: Member HttpResponse(const std::string mime="") (function) of class HttpResponse is not documented.
/home/intmain/geraldoim/git/Intmain/ThirdParty-libnavajo/libnavajo/include/libnavajo/HttpResponse.hh:234: warning: Member isCORSwithCredentials() (function) of class HttpResponse is not documented.
/home/intmain/geraldoim/git/Intmain/ThirdParty-libnavajo/libnavajo/include/libnavajo/HttpResponse.hh:239: warning: Member getCORSdomain() (function) of class HttpResponse is not documented.
/home/intmain/geraldoim/git/Intmain/ThirdParty-libnavajo/libnavajo/include/libnavajo/HttpResponse.hh:369: warning: Member addSpecificHeader(const char *header) (function) of class HttpResponse is not documented.
/home/intmain/geraldoim/git/Intmain/ThirdParty-libnavajo/libnavajo/include/libnavajo/HttpResponse.hh:375: warning: Member addSpecificHeader(const std::string &header) (function) of class HttpResponse is not documented.
/home/intmain/geraldoim/git/Intmain/ThirdParty-libnavajo/libnavajo/include/libnavajo/HttpResponse.hh:381: warning: Member getSpecificHeaders() const (function) of class HttpResponse is not documented.
/home/intmain/geraldoim/git/Intmain/ThirdParty-libnavajo/libnavajo/include/libnavajo/HttpResponse.hh:64: warning: argument 'cookies' of command @param is not found in the argument list of HttpResponse::getContent(unsigned char **content, size_t *length, bool *zip) const
/home/intmain/geraldoim/git/Intmain/ThirdParty-libnavajo/libnavajo/include/libnavajo/HttpResponse.hh:289: warning: argument 'value' of command @param is not found in the argument list of HttpResponse::initializeHttpReturnCode() const
/home/intmain/geraldoim/git/Intmain/ThirdParty-libnavajo/libnavajo/include/libnavajo/HttpResponse.hh:218: warning: The following parameters of HttpResponse::setCORS(bool cors=true, bool cred=false, std::string domain="*") are not documented:
  parameter 'domain'
/home/intmain/geraldoim/git/Intmain/ThirdParty-libnavajo/libnavajo/include/libnavajo/HttpSession.hh:46: warning: Member setSessionLifeTime(const time_t sec) (function) of class HttpSession is not documented.
/home/intmain/geraldoim/git/Intmain/ThirdParty-libnavajo/libnavajo/include/libnavajo/HttpSession.hh:51: warning: Member getSessionLifeTime() (function) of class HttpSession is not documented.
/home/intmain/geraldoim/git/Intmain/ThirdParty-libnavajo/libnavajo/include/libnavajo/HttpSession.hh:58: warning: Member create(std::string &id) (function) of class HttpSession is not documented.
/home/intmain/geraldoim/git/Intmain/ThirdParty-libnavajo/libnavajo/include/libnavajo/HttpSession.hh:90: warning: Member updateExpiration(const std::string &id) (function) of class HttpSession is not documented.
/home/intmain/geraldoim/git/Intmain/ThirdParty-libnavajo/libnavajo/include/libnavajo/HttpSession.hh:99: warning: Member noExpiration(const std::string &id) (function) of class HttpSession is not documented.
/home/intmain/geraldoim/git/Intmain/ThirdParty-libnavajo/libnavajo/include/libnavajo/HttpSession.hh:108: warning: Member removeExpiredSession() (function) of class HttpSession is not documented.
/home/intmain/geraldoim/git/Intmain/ThirdParty-libnavajo/libnavajo/include/libnavajo/HttpSession.hh:134: warning: Member removeAllSession() (function) of class HttpSession is not documented.
/home/intmain/geraldoim/git/Intmain/ThirdParty-libnavajo/libnavajo/include/libnavajo/HttpSession.hh:146: warning: Member find(const std::string &id) (function) of class HttpSession is not documented.
/home/intmain/geraldoim/git/Intmain/ThirdParty-libnavajo/libnavajo/include/libnavajo/HttpSession.hh:161: warning: Member remove(const std::string &sid) (function) of class HttpSession is not documented.
/home/intmain/geraldoim/git/Intmain/ThirdParty-libnavajo/libnavajo/include/libnavajo/HttpSession.hh:178: warning: Member setObjectAttribute(const std::string &sid, const std::string &name, SessionAttributeObject *sessionAttributeObject) (function) of class HttpSession is not documented.
/home/intmain/geraldoim/git/Intmain/ThirdParty-libnavajo/libnavajo/include/libnavajo/HttpSession.hh:197: warning: Member setAttribute(const std::string &sid, const std::string &name, void *value) (function) of class HttpSession is not documented.
/home/intmain/geraldoim/git/Intmain/ThirdParty-libnavajo/libnavajo/include/libnavajo/HttpSession.hh:216: warning: Member getObjectAttribute(const std::string &sid, const std::string &name) (function) of class HttpSession is not documented.
/home/intmain/geraldoim/git/Intmain/ThirdParty-libnavajo/libnavajo/include/libnavajo/HttpSession.hh:236: warning: Member getAttribute(const std::string &sid, const std::string &name) (function) of class HttpSession is not documented.
/home/intmain/geraldoim/git/Intmain/ThirdParty-libnavajo/libnavajo/include/libnavajo/HttpSession.hh:256: warning: Member removeAllAttribute(std::map< std::string, SessionAttribute > *attributesMap) (function) of class HttpSession is not documented.
/home/intmain/geraldoim/git/Intmain/ThirdParty-libnavajo/libnavajo/include/libnavajo/HttpSession.hh:270: warning: Member removeAttribute(const std::string &sid, const std::string &name) (function) of class HttpSession is not documented.
/home/intmain/geraldoim/git/Intmain/ThirdParty-libnavajo/libnavajo/include/libnavajo/HttpSession.hh:294: warning: Member getAttributeNames(const std::string &sid) (function) of class HttpSession is not documented.
/home/intmain/geraldoim/git/Intmain/ThirdParty-libnavajo/libnavajo/include/libnavajo/HttpSession.hh:311: warning: Member printAll() (function) of class HttpSession is not documented.
/home/intmain/geraldoim/git/Intmain/ThirdParty-libnavajo/libnavajo/include/libnavajo/zlibPatchOldVersion.h:53: warning: Member mode (variable) of class inflate_state2 is not documented.
/home/intmain/geraldoim/git/Intmain/ThirdParty-libnavajo/libnavajo/include/libnavajo/zlibPatchOldVersion.h:55: warning: Member last (variable) of class inflate_state2 is not documented.
/home/intmain/geraldoim/git/Intmain/ThirdParty-libnavajo/libnavajo/include/libnavajo/zlibPatchOldVersion.h:57: warning: Member wrap (variable) of class inflate_state2 is not documented.
/home/intmain/geraldoim/git/Intmain/ThirdParty-libnavajo/libnavajo/include/libnavajo/zlibPatchOldVersion.h:59: warning: Member havedict (variable) of class inflate_state2 is not documented.
/home/intmain/geraldoim/git/Intmain/ThirdParty-libnavajo/libnavajo/include/libnavajo/zlibPatchOldVersion.h:61: warning: Member flags (variable) of class inflate_state2 is not documented.
/home/intmain/geraldoim/git/Intmain/ThirdParty-libnavajo/libnavajo/include/libnavajo/zlibPatchOldVersion.h:63: warning: Member dmax (variable) of class inflate_state2 is not documented.
/home/intmain/geraldoim/git/Intmain/ThirdParty-libnavajo/libnavajo/include/libnavajo/zlibPatchOldVersion.h:65: warning: Member check (variable) of class inflate_state2 is not documented.
/home/intmain/geraldoim/git/Intmain/ThirdParty-libnavajo/libnavajo/include/libnavajo/zlibPatchOldVersion.h:67: warning: Member total (variable) of class inflate_state2 is not documented.
/home/intmain/geraldoim/git/Intmain/ThirdParty-libnavajo/libnavajo/include/libnavajo/zlibPatchOldVersion.h:69: warning: Member head (variable) of class inflate_state2 is not documented.
/home/intmain/geraldoim/git/Intmain/ThirdParty-libnavajo/libnavajo/include/libnavajo/zlibPatchOldVersion.h:71: warning: Member wbits (variable) of class inflate_state2 is not documented.
/home/intmain/geraldoim/git/Intmain/ThirdParty-libnavajo/libnavajo/include/libnavajo/zlibPatchOldVersion.h:73: warning: Member wsize (variable) of class inflate_state2 is not documented.
/home/intmain/geraldoim/git/Intmain/ThirdParty-libnavajo/libnavajo/include/libnavajo/zlibPatchOldVersion.h:75: warning: Member whave (variable) of class inflate_state2 is not documented.
/home/intmain/geraldoim/git/Intmain/ThirdParty-libnavajo/libnavajo/include/libnavajo/zlibPatchOldVersion.h:77: warning: Member wnext (variable) of class inflate_state2 is not documented.
/home/intmain/geraldoim/git/Intmain/ThirdParty-libnavajo/libnavajo/include/libnavajo/zlibPatchOldVersion.h:79: warning: Member window (variable) of class inflate_state2 is not documented.
/home/intmain/geraldoim/git/Intmain/ThirdParty-libnavajo/libnavajo/include/libnavajo/IpAddress.hh:69: warning: Member init() (function) of class IpAddress is not documented.
/home/intmain/geraldoim/git/Intmain/ThirdParty-libnavajo/libnavajo/include/libnavajo/IpAddress.hh:80: warning: Member IpAddress(const in_addr_t &addrIPv4) (function) of class IpAddress is not documented.
/home/intmain/geraldoim/git/Intmain/ThirdParty-libnavajo/libnavajo/include/libnavajo/IpAddress.hh:85: warning: Member IpAddress(const in6_addr &addrIPv6) (function) of class IpAddress is not documented.
/home/intmain/geraldoim/git/Intmain/ThirdParty-libnavajo/libnavajo/include/libnavajo/IpAddress.hh:90: warning: Member IpAddress(const std::string &value) (function) of class IpAddress is not documented.
/home/intmain/geraldoim/git/Intmain/ThirdParty-libnavajo/libnavajo/include/libnavajo/IpAddress.hh:110: warning: Member isNull() const (function) of class IpAddress is not documented.
/home/intmain/geraldoim/git/Intmain/ThirdParty-libnavajo/libnavajo/include/libnavajo/IpAddress.hh:115: warning: Member operator=(const in_addr_t &addrIPv4) (function) of class IpAddress is not documented.
/home/intmain/geraldoim/git/Intmain/ThirdParty-libnavajo/libnavajo/include/libnavajo/IpAddress.hh:121: warning: Member operator=(const in6_addr &addrIPv6) (function) of class IpAddress is not documented.
/home/intmain/geraldoim/git/Intmain/ThirdParty-libnavajo/libnavajo/include/libnavajo/IpAddress.hh:127: warning: Member operator=(const IpAddress &i) (function) of class IpAddress is not documented.
/home/intmain/geraldoim/git/Intmain/ThirdParty-libnavajo/libnavajo/include/libnavajo/IpAddress.hh:136: warning: Member operator==(IpAddress const &ipA) const (function) of class IpAddress is not documented.
/home/intmain/geraldoim/git/Intmain/ThirdParty-libnavajo/libnavajo/include/libnavajo/IpAddress.hh:154: warning: Member operator<(const IpAddress &A) const (function) of class IpAddress is not documented.
/home/intmain/geraldoim/git/Intmain/ThirdParty-libnavajo/libnavajo/include/libnavajo/IpAddress.hh:174: warning: Member isUndef() const (function) of class IpAddress is not documented.
/home/intmain/geraldoim/git/Intmain/ThirdParty-libnavajo/libnavajo/include/libnavajo/IpAddress.hh:179: warning: Member str() const (function) of class IpAddress is not documented.
/home/intmain/geraldoim/git/Intmain/ThirdParty-libnavajo/libnavajo/include/libnavajo/IpAddress.hh:200: warning: Member snresolve(char *hname, const size_t maxlength) const (function) of class IpAddress is not documented.
/home/intmain/geraldoim/git/Intmain/ThirdParty-libnavajo/libnavajo/include/libnavajo/IpAddress.hh:226: warning: Member fromHostname(const std::string &hostname, bool preferIpv4=true) (function) of class IpAddress is not documented.
/home/intmain/geraldoim/git/Intmain/ThirdParty-libnavajo/libnavajo/include/libnavajo/IpAddress.hh:276: warning: Member fromString(const std::string &value) (function) of class IpAddress is not documented.
/home/intmain/geraldoim/git/Intmain/ThirdParty-libnavajo/libnavajo/include/libnavajo/IpAddress.hh:66: warning: Member ip (variable) of class IpAddress is not documented.
/home/intmain/geraldoim/git/Intmain/ThirdParty-libnavajo/libnavajo/include/libnavajo/IpAddress.hh:67: warning: Member ipversion (variable) of class IpAddress is not documented.
/home/intmain/geraldoim/git/Intmain/ThirdParty-libnavajo/libnavajo/include/libnavajo/IpAddress.hh:198: warning: Member resolvIP_mutex (variable) of class IpAddress is not documented.
/home/intmain/geraldoim/git/Intmain/ThirdParty-libnavajo/libnavajo/include/libnavajo/IpAddress.hh:62: warning: Member v4 (variable) of class IpAddress::IP is not documented.
/home/intmain/geraldoim/git/Intmain/ThirdParty-libnavajo/libnavajo/include/libnavajo/IpAddress.hh:63: warning: Member v6 (variable) of class IpAddress::IP is not documented.
/home/intmain/geraldoim/git/Intmain/ThirdParty-libnavajo/libnavajo/include/libnavajo/IpAddress.hh:300: warning: Member IpNetwork(const IpAddress &A) (function) of class IpNetwork is not documented.
/home/intmain/geraldoim/git/Intmain/ThirdParty-libnavajo/libnavajo/include/libnavajo/IpAddress.hh:307: warning: Member IpNetwork(const IpAddress &a, const u_int8_t &m) (function) of class IpNetwork is not documented.
/home/intmain/geraldoim/git/Intmain/ThirdParty-libnavajo/libnavajo/include/libnavajo/IpAddress.hh:311: warning: Member operator<(const IpNetwork &A) const (function) of class IpNetwork is not documented.
/home/intmain/geraldoim/git/Intmain/ThirdParty-libnavajo/libnavajo/include/libnavajo/IpAddress.hh:355: warning: Member strCIDR() const (function) of class IpNetwork is not documented.
/home/intmain/geraldoim/git/Intmain/ThirdParty-libnavajo/libnavajo/include/libnavajo/IpAddress.hh:494: warning: Member IpNetwork(const std::string &value) (function) of class IpNetwork is not documented.
/home/intmain/geraldoim/git/Intmain/ThirdParty-libnavajo/libnavajo/include/libnavajo/IpAddress.hh:404: warning: Member fromString(const std::string &value) (function) of class IpNetwork is not documented.
/home/intmain/geraldoim/git/Intmain/ThirdParty-libnavajo/libnavajo/include/libnavajo/IpAddress.hh:296: warning: Member addr (variable) of class IpNetwork is not documented.
/home/intmain/geraldoim/git/Intmain/ThirdParty-libnavajo/libnavajo/include/libnavajo/IpAddress.hh:297: warning: Member mask (variable) of class IpNetwork is not documented.
/home/intmain/geraldoim/git/Intmain/ThirdParty-libnavajo/libnavajo/include/libnavajo/IpAddress.hh:365: warning: argument 'net' of command @param is not found in the argument list of IpNetwork::isInside(const IpAddress &ip) const
/home/intmain/geraldoim/git/Intmain/ThirdParty-libnavajo/libnavajo/include/libnavajo/LocalRepository.hh:38: warning: Member LocalRepository(const std::string &alias, const std::string &dirPath) (function) of class LocalRepository is not documented.
/home/intmain/geraldoim/git/Intmain/ThirdParty-libnavajo/libnavajo/include/libnavajo/LogOutput.hh:40: warning: Member isWithDateTime() (function) of class LogOutput is not documented.
/home/intmain/geraldoim/git/Intmain/ThirdParty-libnavajo/libnavajo/include/libnavajo/LogOutput.hh:44: warning: Member isWithEndline() (function) of class LogOutput is not documented.
/home/intmain/geraldoim/git/Intmain/ThirdParty-libnavajo/libnavajo/include/libnavajo/LogOutput.hh:26: warning: Member setWithDateTime(bool b) (function) of class LogOutput is not documented.
/home/intmain/geraldoim/git/Intmain/ThirdParty-libnavajo/libnavajo/include/libnavajo/LogOutput.hh:30: warning: Member setWithEndline(bool b) (function) of class LogOutput is not documented.
/home/intmain/geraldoim/git/Intmain/ThirdParty-libnavajo/libnavajo/src/LogFile.cc:23: warning: argument 'm' of command @param is not found in the argument list of LogFile::append(const NvjLogSeverity &l, const std::string &message, const std::string &details="")
/home/intmain/geraldoim/git/Intmain/ThirdParty-libnavajo/libnavajo/include/libnavajo/LogFile.hh:32: warning: The following parameters of LogFile::append(const NvjLogSeverity &l, const std::string &message, const std::string &details="") are not documented:
  parameter 'message'
  parameter 'details'
/home/intmain/geraldoim/git/Intmain/ThirdParty-libnavajo/libnavajo/include/libnavajo/LogOutput.hh:37: warning: Member initialize()=0 (function) of class LogOutput is not documented.
/home/intmain/geraldoim/git/Intmain/ThirdParty-libnavajo/libnavajo/include/libnavajo/LogOutput.hh:38: warning: Member append(const NvjLogSeverity &l, const std::string &m, const std::string &details)=0 (function) of class LogOutput is not documented.
/home/intmain/geraldoim/git/Intmain/ThirdParty-libnavajo/libnavajo/include/libnavajo/LogOutput.hh:40: warning: Member isWithDateTime() (function) of class LogOutput is not documented.
/home/intmain/geraldoim/git/Intmain/ThirdParty-libnavajo/libnavajo/include/libnavajo/LogOutput.hh:44: warning: Member isWithEndline() (function) of class LogOutput is not documented.
/home/intmain/geraldoim/git/Intmain/ThirdParty-libnavajo/libnavajo/include/libnavajo/LogOutput.hh:26: warning: Member setWithDateTime(bool b) (function) of class LogOutput is not documented.
/home/intmain/geraldoim/git/Intmain/ThirdParty-libnavajo/libnavajo/include/libnavajo/LogOutput.hh:30: warning: Member setWithEndline(bool b) (function) of class LogOutput is not documented.
/home/intmain/geraldoim/git/Intmain/ThirdParty-libnavajo/libnavajo/include/libnavajo/LogRecorder.hh:60: warning: Member setDebugMode(bool d=true) (function) of class LogRecorder is not documented.
/home/intmain/geraldoim/git/Intmain/ThirdParty-libnavajo/libnavajo/include/libnavajo/LogRecorder.hh:68: warning: Member appendUniq(const NvjLogSeverity &l, const std::string &msg, const std::string &details="") (function) of class LogRecorder is not documented.
/home/intmain/geraldoim/git/Intmain/ThirdParty-libnavajo/libnavajo/include/libnavajo/LogRecorder.hh:78: warning: Member printf(const NvjLogSeverity severity, const char *fmt,...) (function) of class LogRecorder is not documented.
/home/intmain/geraldoim/git/Intmain/ThirdParty-libnavajo/libnavajo/include/libnavajo/LogRecorder.hh:89: warning: Member initUniq() (function) of class LogRecorder is not documented.
/home/intmain/geraldoim/git/Intmain/ThirdParty-libnavajo/libnavajo/include/libnavajo/LogRecorder.hh:99: warning: Member logOutputsList_ (variable) of class LogRecorder is not documented.
/home/intmain/geraldoim/git/Intmain/ThirdParty-libnavajo/libnavajo/include/libnavajo/LogRecorder.hh:67: warning: The following parameters of LogRecorder::append(const NvjLogSeverity &l, const std::string &m, const std::string &details="") are not documented:
  parameter 'details'
/home/intmain/geraldoim/git/Intmain/ThirdParty-libnavajo/libnavajo/include/libnavajo/LogOutput.hh:40: warning: Member isWithDateTime() (function) of class LogOutput is not documented.
/home/intmain/geraldoim/git/Intmain/ThirdParty-libnavajo/libnavajo/include/libnavajo/LogOutput.hh:44: warning: Member isWithEndline() (function) of class LogOutput is not documented.
/home/intmain/geraldoim/git/Intmain/ThirdParty-libnavajo/libnavajo/include/libnavajo/LogOutput.hh:26: warning: Member setWithDateTime(bool b) (function) of class LogOutput is not documented.
/home/intmain/geraldoim/git/Intmain/ThirdParty-libnavajo/libnavajo/include/libnavajo/LogOutput.hh:30: warning: Member setWithEndline(bool b) (function) of class LogOutput is not documented.
/home/intmain/geraldoim/git/Intmain/ThirdParty-libnavajo/libnavajo/src/LogStdOutput.cc:32: warning: argument 'm' of command @param is not found in the argument list of LogStdOutput::append(const NvjLogSeverity &l, const std::string &message, const std::string &details="")
/home/intmain/geraldoim/git/Intmain/ThirdParty-libnavajo/libnavajo/include/libnavajo/LogStdOutput.hh:27: warning: The following parameters of LogStdOutput::append(const NvjLogSeverity &l, const std::string &message, const std::string &details="") are not documented:
  parameter 'message'
  parameter 'details'
/home/intmain/geraldoim/git/Intmain/ThirdParty-libnavajo/libnavajo/include/libnavajo/LogOutput.hh:40: warning: Member isWithDateTime() (function) of class LogOutput is not documented.
/home/intmain/geraldoim/git/Intmain/ThirdParty-libnavajo/libnavajo/include/libnavajo/LogOutput.hh:44: warning: Member isWithEndline() (function) of class LogOutput is not documented.
/home/intmain/geraldoim/git/Intmain/ThirdParty-libnavajo/libnavajo/include/libnavajo/LogOutput.hh:26: warning: Member setWithDateTime(bool b) (function) of class LogOutput is not documented.
/home/intmain/geraldoim/git/Intmain/ThirdParty-libnavajo/libnavajo/include/libnavajo/LogOutput.hh:30: warning: Member setWithEndline(bool b) (function) of class LogOutput is not documented.
/home/intmain/geraldoim/git/Intmain/ThirdParty-libnavajo/libnavajo/src/LogSyslog.cc:23: warning: argument 'm' of command @param is not found in the argument list of LogSyslog::append(const NvjLogSeverity &l, const std::string &message, const std::string &details="")
/home/intmain/geraldoim/git/Intmain/ThirdParty-libnavajo/libnavajo/include/libnavajo/LogSyslog.hh:32: warning: The following parameters of LogSyslog::append(const NvjLogSeverity &l, const std::string &message, const std::string &details="") are not documented:
  parameter 'message'
  parameter 'details'
/home/intmain/geraldoim/git/Intmain/ThirdParty-libnavajo/libnavajo/include/libnavajo/PrecompiledRepository.hh:37: warning: Member PrecompiledRepository(const std::string &l="") (function) of class PrecompiledRepository is not documented.
/home/intmain/geraldoim/git/Intmain/ThirdParty-libnavajo/libnavajo/include/libnavajo/PrecompiledRepository.hh:53: warning: Member initIndexMap() (function) of class PrecompiledRepository is not documented.
/home/intmain/geraldoim/git/Intmain/ThirdParty-libnavajo/libnavajo/include/libnavajo/WebServer.hh:210: warning: Member isUseSSL() (function) of class WebServer is not documented.
/home/intmain/geraldoim/git/Intmain/ThirdParty-libnavajo/libnavajo/include/libnavajo/WebServer.hh:226: warning: Member isAuthPeerSSL() (function) of class WebServer is not documented.
/home/intmain/geraldoim/git/Intmain/ThirdParty-libnavajo/libnavajo/include/libnavajo/WebServer.hh:414: warning: Member httpSend(ClientSockData *client, const void *buf, size_t len) (function) of class WebServer is not documented.
/home/intmain/geraldoim/git/Intmain/ThirdParty-libnavajo/libnavajo/include/libnavajo/WebServer.hh:416: warning: Member freeClientSockData(ClientSockData *client) (function) of class WebServer is not documented.
/home/intmain/geraldoim/git/Intmain/ThirdParty-libnavajo/libnavajo/include/libnavajo/WebServer.hh:327: warning: argument 'endpoint' of command @param is not found in the argument list of WebServer::addWebSocket(const std::string endPoint, WebSocket *websocket)
/home/intmain/geraldoim/git/Intmain/ThirdParty-libnavajo/libnavajo/include/libnavajo/WebServer.hh:331: warning: The following parameters of WebServer::addWebSocket(const std::string endPoint, WebSocket *websocket) are not documented:
  parameter 'endPoint'
/home/intmain/geraldoim/git/Intmain/ThirdParty-libnavajo/libnavajo/include/libnavajo/WebSocket.hh:37: warning: Member WebSocket(bool compression=true) (function) of class WebSocket is not documented.
/home/intmain/geraldoim/git/Intmain/ThirdParty-libnavajo/libnavajo/include/libnavajo/WebSocket.hh:76: warning: argument 'request' of command @param is not found in the argument list of WebSocket::onBinaryMessage(WebSocketClient *, const unsigned char *, size_t, const bool)
/home/intmain/geraldoim/git/Intmain/ThirdParty-libnavajo/libnavajo/include/libnavajo/WebSocket.hh:76: warning: argument 'message' of command @param is not found in the argument list of WebSocket::onBinaryMessage(WebSocketClient *, const unsigned char *, size_t, const bool)
/home/intmain/geraldoim/git/Intmain/ThirdParty-libnavajo/libnavajo/include/libnavajo/WebSocket.hh:76: warning: argument 'len' of command @param is not found in the argument list of WebSocket::onBinaryMessage(WebSocketClient *, const unsigned char *, size_t, const bool)
/home/intmain/geraldoim/git/Intmain/ThirdParty-libnavajo/libnavajo/include/libnavajo/WebSocket.hh:76: warning: argument 'fin' of command @param is not found in the argument list of WebSocket::onBinaryMessage(WebSocketClient *, const unsigned char *, size_t, const bool)
/home/intmain/geraldoim/git/Intmain/ThirdParty-libnavajo/libnavajo/include/libnavajo/WebSocket.hh:110: warning: argument 'request' of command @param is not found in the argument list of WebSocket::onCloseCtrlFrame(WebSocketClient *, const unsigned char *, size_t)
/home/intmain/geraldoim/git/Intmain/ThirdParty-libnavajo/libnavajo/include/libnavajo/WebSocket.hh:62: warning: argument 'request' of command @param is not found in the argument list of WebSocket::onClosing(WebSocketClient *)
/home/intmain/geraldoim/git/Intmain/ThirdParty-libnavajo/libnavajo/include/libnavajo/WebSocket.hh:53: warning: argument 'request' of command @param is not found in the argument list of WebSocket::onOpening(HttpRequest *)
/home/intmain/geraldoim/git/Intmain/ThirdParty-libnavajo/libnavajo/include/libnavajo/WebSocket.hh:98: warning: argument 'request' of command @param is not found in the argument list of WebSocket::onPingCtrlFrame(WebSocketClient *, const unsigned char *, size_t)
/home/intmain/geraldoim/git/Intmain/ThirdParty-libnavajo/libnavajo/include/libnavajo/WebSocket.hh:98: warning: argument 'message' of command @param is not found in the argument list of WebSocket::onPingCtrlFrame(WebSocketClient *, const unsigned char *, size_t)
/home/intmain/geraldoim/git/Intmain/ThirdParty-libnavajo/libnavajo/include/libnavajo/WebSocket.hh:98: warning: argument 'len' of command @param is not found in the argument list of WebSocket::onPingCtrlFrame(WebSocketClient *, const unsigned char *, size_t)
/home/intmain/geraldoim/git/Intmain/ThirdParty-libnavajo/libnavajo/include/libnavajo/WebSocket.hh:89: warning: argument 'request' of command @param is not found in the argument list of WebSocket::onPongCtrlFrame(WebSocketClient *, const unsigned char *, size_t)
/home/intmain/geraldoim/git/Intmain/ThirdParty-libnavajo/libnavajo/include/libnavajo/WebSocket.hh:89: warning: argument 'message' of command @param is not found in the argument list of WebSocket::onPongCtrlFrame(WebSocketClient *, const unsigned char *, size_t)
/home/intmain/geraldoim/git/Intmain/ThirdParty-libnavajo/libnavajo/include/libnavajo/WebSocket.hh:89: warning: argument 'len' of command @param is not found in the argument list of WebSocket::onPongCtrlFrame(WebSocketClient *, const unsigned char *, size_t)
/home/intmain/geraldoim/git/Intmain/ThirdParty-libnavajo/libnavajo/include/libnavajo/WebSocket.hh:68: warning: argument 'request' of command @param is not found in the argument list of WebSocket::onTextMessage(WebSocketClient *, const std::string &, const bool)
/home/intmain/geraldoim/git/Intmain/ThirdParty-libnavajo/libnavajo/include/libnavajo/WebSocket.hh:68: warning: argument 'message' of command @param is not found in the argument list of WebSocket::onTextMessage(WebSocketClient *, const std::string &, const bool)
/home/intmain/geraldoim/git/Intmain/ThirdParty-libnavajo/libnavajo/include/libnavajo/WebSocket.hh:68: warning: argument 'fin' of command @param is not found in the argument list of WebSocket::onTextMessage(WebSocketClient *, const std::string &, const bool)
/home/intmain/geraldoim/git/Intmain/ThirdParty-libnavajo/libnavajo/include/libnavajo/WebSocket.hh:149: warning: argument 'reasonMsg' of command @param is not found in the argument list of WebSocket::sendBroadcastCloseCtrlFrame(const unsigned char *message, size_t length)
/home/intmain/geraldoim/git/Intmain/ThirdParty-libnavajo/libnavajo/include/libnavajo/WebSocket.hh:153: warning: The following parameters of WebSocket::sendBroadcastCloseCtrlFrame(const unsigned char *message, size_t length) are not documented:
  parameter 'message'
/home/intmain/geraldoim/git/Intmain/ThirdParty-libnavajo/libnavajo/include/libnavajo/WebSocketClient.hh:95: warning: Member WebSocketClient(WebSocket *ws, HttpRequest *req) (function) of class WebSocketClient is not documented.
/home/intmain/geraldoim/git/Intmain/ThirdParty-libnavajo/libnavajo/include/libnavajo/WebSocketClient.hh:162: warning: Member getHttpRequest() (function) of class WebSocketClient is not documented.
/home/intmain/geraldoim/git/Intmain/ThirdParty-libnavajo/libnavajo/include/libnavajo/WebSocketClient.hh:167: warning: Member closeWS() (function) of class WebSocketClient is not documented.
/home/intmain/geraldoim/git/Intmain/ThirdParty-libnavajo/libnavajo/include/libnavajo/WebSocketClient.hh:168: warning: Member closeSend() (function) of class WebSocketClient is not documented.
/home/intmain/geraldoim/git/Intmain/ThirdParty-libnavajo/libnavajo/include/libnavajo/WebSocketClient.hh:169: warning: Member closeRecv() (function) of class WebSocketClient is not documented.
/home/intmain/geraldoim/git/Intmain/ThirdParty-libnavajo/libnavajo/include/libnavajo/WebSocketClient.hh:130: warning: argument 'message' of command @param is not found in the argument list of WebSocketClient::sendCloseCtrlFrame(const std::string &reasonMsg="")
/home/intmain/geraldoim/git/Intmain/ThirdParty-libnavajo/libnavajo/include/libnavajo/WebSocketClient.hh:133: warning: The following parameters of WebSocketClient::sendCloseCtrlFrame(const std::string &reasonMsg="") are not documented:
  parameter 'reasonMsg'
/home/intmain/geraldoim/git/Intmain/ThirdParty-libnavajo/libnavajo/include/libnavajo/WebSocketClient.hh:136: warning: argument 'request' of command @param is not found in the argument list of WebSocketClient::sendPingCtrlFrame(const unsigned char *message, size_t length)
/home/intmain/geraldoim/git/Intmain/ThirdParty-libnavajo/libnavajo/include/MPFDParser/Exception.h:19: warning: Member Exception(std::string error) (function) of class MPFD::Exception is not documented.
/home/intmain/geraldoim/git/Intmain/ThirdParty-libnavajo/libnavajo/include/MPFDParser/Exception.h:20: warning: Member Exception(const Exception &orig) (function) of class MPFD::Exception is not documented.
/home/intmain/geraldoim/git/Intmain/ThirdParty-libnavajo/libnavajo/include/MPFDParser/Exception.h:23: warning: Member GetError() const (function) of class MPFD::Exception is not documented.
/home/intmain/geraldoim/git/Intmain/ThirdParty-libnavajo/libnavajo/include/MPFDParser/Field.h:26: warning: Member SetType(int type) (function) of class MPFD::Field is not documented.
/home/intmain/geraldoim/git/Intmain/ThirdParty-libnavajo/libnavajo/include/MPFDParser/Field.h:27: warning: Member GetType() (function) of class MPFD::Field is not documented.
/home/intmain/geraldoim/git/Intmain/ThirdParty-libnavajo/libnavajo/include/MPFDParser/Field.h:29: warning: Member AcceptSomeData(char *data, long length) (function) of class MPFD::Field is not documented.
/home/intmain/geraldoim/git/Intmain/ThirdParty-libnavajo/libnavajo/include/MPFDParser/Field.h:33: warning: Member SetUploadedFilesStorage(int where) (function) of class MPFD::Field is not documented.
/home/intmain/geraldoim/git/Intmain/ThirdParty-libnavajo/libnavajo/include/MPFDParser/Field.h:34: warning: Member SetTempDir(std::string dir) (function) of class MPFD::Field is not documented.
/home/intmain/geraldoim/git/Intmain/ThirdParty-libnavajo/libnavajo/include/MPFDParser/Field.h:36: warning: Member SetFileName(std::string name) (function) of class MPFD::Field is not documented.
/home/intmain/geraldoim/git/Intmain/ThirdParty-libnavajo/libnavajo/include/MPFDParser/Field.h:37: warning: Member GetFileName() (function) of class MPFD::Field is not documented.
/home/intmain/geraldoim/git/Intmain/ThirdParty-libnavajo/libnavajo/include/MPFDParser/Field.h:39: warning: Member SetFileContentType(std::string type) (function) of class MPFD::Field is not documented.
/home/intmain/geraldoim/git/Intmain/ThirdParty-libnavajo/libnavajo/include/MPFDParser/Field.h:40: warning: Member GetFileMimeType() (function) of class MPFD::Field is not documented.
/home/intmain/geraldoim/git/Intmain/ThirdParty-libnavajo/libnavajo/include/MPFDParser/Field.h:42: warning: Member GetFileContent() (function) of class MPFD::Field is not documented.
/home/intmain/geraldoim/git/Intmain/ThirdParty-libnavajo/libnavajo/include/MPFDParser/Field.h:43: warning: Member GetFileContentSize() (function) of class MPFD::Field is not documented.
/home/intmain/geraldoim/git/Intmain/ThirdParty-libnavajo/libnavajo/include/MPFDParser/Field.h:45: warning: Member GetTempFileName() (function) of class MPFD::Field is not documented.
/home/intmain/geraldoim/git/Intmain/ThirdParty-libnavajo/libnavajo/include/MPFDParser/Field.h:48: warning: Member GetTextTypeContent() (function) of class MPFD::Field is not documented.
/home/intmain/geraldoim/git/Intmain/ThirdParty-libnavajo/libnavajo/include/MPFDParser/Field.h:21: warning: Member TextType (variable) of class MPFD::Field is not documented.
/home/intmain/geraldoim/git/Intmain/ThirdParty-libnavajo/libnavajo/include/MPFDParser/Field.h:21: warning: Member FileType (variable) of class MPFD::Field is not documented.
/home/intmain/geraldoim/git/Intmain/ThirdParty-libnavajo/libnavajo/include/MPFDParser/Parser.h:28: warning: Member SetContentType(const std::string type) (function) of class MPFD::Parser is not documented.
/home/intmain/geraldoim/git/Intmain/ThirdParty-libnavajo/libnavajo/include/MPFDParser/Parser.h:30: warning: Member AcceptSomeData(const char *data, const long length) (function) of class MPFD::Parser is not documented.
/home/intmain/geraldoim/git/Intmain/ThirdParty-libnavajo/libnavajo/include/MPFDParser/Parser.h:33: warning: Member SetMaxCollectedDataLength(long max) (function) of class MPFD::Parser is not documented.
/home/intmain/geraldoim/git/Intmain/ThirdParty-libnavajo/libnavajo/include/MPFDParser/Parser.h:34: warning: Member SetTempDirForFileUpload(std::string dir) (function) of class MPFD::Parser is not documented.
/home/intmain/geraldoim/git/Intmain/ThirdParty-libnavajo/libnavajo/include/MPFDParser/Parser.h:35: warning: Member SetUploadedFilesStorage(int where) (function) of class MPFD::Parser is not documented.
/home/intmain/geraldoim/git/Intmain/ThirdParty-libnavajo/libnavajo/include/MPFDParser/Parser.h:37: warning: Member GetFieldsMap() (function) of class MPFD::Parser is not documented.
/home/intmain/geraldoim/git/Intmain/ThirdParty-libnavajo/libnavajo/include/MPFDParser/Parser.h:38: warning: Member GetField(std::string Name) (function) of class MPFD::Parser is not documented.
/home/intmain/geraldoim/git/Intmain/ThirdParty-libnavajo/libnavajo/include/MPFDParser/Parser.h:22: warning: Member StoreUploadedFilesInFilesystem (variable) of class MPFD::Parser is not documented.
/home/intmain/geraldoim/git/Intmain/ThirdParty-libnavajo/libnavajo/include/MPFDParser/Parser.h:22: warning: Member StoreUploadedFilesInMemory (variable) of class MPFD::Parser is not documented.
o/WebSocketClient.hh...
Generating code for file include/libnavajo/zlibPatchOldVersion.h...
Generating code for file include/MPFDParser/Exception.h...
Generating code for file include/MPFDParser/Field.h...
Generating code for file include/MPFDParser/Parser.h...
Generating file documentation...
Generating docs for file include/libnavajo/DynamicPage.hh...
Generating docs for file include/libnavajo/DynamicRepository.hh...
Generating docs for file include/libnavajo/HttpRequest.hh...
Generating docs for file include/libnavajo/HttpResponse.hh...
Generating docs for file include/libnavajo/HttpSession.hh...
Generating docs for file include/libnavajo/IpAddress.hh...
Generating docs for file include/libnavajo/LocalRepository.hh...
Generating docs for file include/libnavajo/LogFile.hh...
Generating docs for file include/libnavajo/LogOutput.hh...
Generating docs for file include/libnavajo/LogRecorder.hh...
Generating docs for file include/libnavajo/LogStdOutput.hh...
Generating docs for file include/libnavajo/LogSyslog.hh...
Generating docs for file include/libnavajo/nvjGzip.h...
Generating docs for file include/libnavajo/nvjSocket.h...
Generating docs for file include/libnavajo/nvjThread.h...
Generating docs for file include/libnavajo/PrecompiledRepository.hh...
Generating docs for file include/libnavajo/WebRepository.hh...
Generating docs for file include/libnavajo/WebServer.hh...
Generating docs for file include/libnavajo/WebSocket.hh...
Generating docs for file include/libnavajo/WebSocketClient.hh...
Generating docs for file include/libnavajo/zlibPatchOldVersion.h...
Generating docs for file src/LocalRepository.cc...
Generating docs for file src/LogFile.cc...
Generating docs for file src/LogRecorder.cc...
Generating docs for file src/LogStdOutput.cc...
Generating docs for file src/LogSyslog.cc...
Generating docs for file src/navajoPrecompiler.cc...
Generating docs for file src/WebServer.cc...
Generating docs for file src/WebSocketClient.cc...
Generating page documentation...
Generating group documentation...
Generating class documentation...
Generating docs for compound cancelArg...
Generating docs for compound ClientSockData...
Generating docs for compound ConversionEntry...
Generating docs for compound DynamicPage...
Generating docs for compound DynamicRepository...
Generating docs for compound HttpRequest...
Generating docs for compound HttpResponse...
Generating docs for compound HttpSession...
Generating docs for compound inflate_state2...
Generating docs for compound IpAddress...
Generating docs for nested compound IpAddress::IP...
Generating docs for compound IpNetwork...
Generating docs for compound LocalRepository...
Generating docs for compound LogFile...
Generating docs for compound LogOutput...
Generating docs for compound LogRecorder...
Generating docs for compound LogStdOutput...
Generating docs for compound LogSyslog...
Generating docs for compound PrecompiledRepository...
Generating docs for compound SessionAttributeObject...
Generating docs for compound WebRepository...
Generating docs for compound WebServer...
Generating docs for compound WebSocket...
Generating docs for compound WebSocketClient...
Generating namespace index...
Generating docs for compound MPFD::Exception...
Generating docs for compound MPFD::Field...
Generating docs for compound MPFD::Parser...
Generating graph info page...
Generating directory documentation...
Generating dependency graph for directory src
Generating index page...
Generating page index...
Generating module index...
Generating namespace index...
Generating namespace member index...
Generating annotated compound index...
Generating alphabetical compound index...
Generating hierarchical class index...
Generating graphical class hierarchy...
Generating member index...
Generating file index...
Generating file member index...
Generating example index...
finalizing index lists...
writing tag file...
Running dot...
lookup cache used 766/65536 hits=3169 misses=784
finished...
